<?xml version="1.0" encoding="UTF-8"?>
<testng-results skipped="0" failed="0" total="1" passed="1">
  <reporter-output>
  </reporter-output>
  <suite name="Default suite" duration-ms="49854" started-at="2021-03-02T05:29:27Z" finished-at="2021-03-02T05:30:17Z">
    <groups>
    </groups>
    <test name="Default test" duration-ms="49854" started-at="2021-03-02T05:29:27Z" finished-at="2021-03-02T05:30:17Z">
      <class name="Sikuli_Example.Sikuli_Integration_Example">
        <test-method status="PASS" signature="FileUpload_UsingSikuli()[pri:0, instance:Sikuli_Example.Sikuli_Integration_Example@506e6d5e]" name="FileUpload_UsingSikuli" duration-ms="49732" started-at="2021-03-02T10:59:27Z" finished-at="2021-03-02T11:00:17Z">
          <reporter-output>
          </reporter-output>
        </test-method> <!-- FileUpload_UsingSikuli -->
      </class> <!-- Sikuli_Example.Sikuli_Integration_Example -->
    </test> <!-- Default test -->
  </suite> <!-- Default suite -->
</testng-results>
