<?xml version="1.0" encoding="UTF-8"?>
<!-- Generated by org.testng.reporters.JUnitXMLReporter -->
<testsuite hostname="WPUAM50718L" name="ChromeTest" tests="3" failures="0" timestamp="24 Feb 2021 07:08:14 GMT" time="110.257" errors="0">
  <testcase name="OrangeHRM_Login" time="58.936" classname="com.OrangeHRM4.CrossBrowser_Testing_Example2"/>
  <testcase name="OrangeHRM_Login" time="19.894" classname="com.OrangeHRM4.CrossBrowser_Testing_Example2"/>
  <testcase name="OrangeHRM_Login" time="20.604" classname="com.OrangeHRM4.CrossBrowser_Testing_Example2"/>
</testsuite> <!-- ChromeTest -->
