<?xml version="1.0" encoding="UTF-8"?>
<!-- Generated by org.testng.reporters.JUnitXMLReporter -->
<testsuite hostname="WPUAM50718L" name="EdgeTest" tests="3" failures="0" timestamp="24 Feb 2021 07:08:19 GMT" time="115.146" errors="0">
  <testcase name="OrangeHRM_Login" time="61.852" classname="com.OrangeHRM4.CrossBrowser_Testing_Example2"/>
  <testcase name="OrangeHRM_Login" time="21.365" classname="com.OrangeHRM4.CrossBrowser_Testing_Example2"/>
  <testcase name="OrangeHRM_Login" time="19.763" classname="com.OrangeHRM4.CrossBrowser_Testing_Example2"/>
</testsuite> <!-- EdgeTest -->
