<?xml version="1.0" encoding="UTF-8"?>
<!-- Generated by org.testng.reporters.JUnitXMLReporter -->
<testsuite hostname="WPUAM50718L" name="FirefoxTest" tests="3" failures="0" timestamp="24 Feb 2021 07:08:01 GMT" time="97.538" errors="0">
  <testcase name="OrangeHRM_Login" time="32.298" classname="com.OrangeHRM4.CrossBrowser_Testing_Example2"/>
  <testcase name="OrangeHRM_Login" time="19.882" classname="com.OrangeHRM4.CrossBrowser_Testing_Example2"/>
  <testcase name="OrangeHRM_Login" time="21.413" classname="com.OrangeHRM4.CrossBrowser_Testing_Example2"/>
</testsuite> <!-- FirefoxTest -->
